TN:
SF:src/modules/appointments/services/CreateAppointmentService.ts
FN:13,(anonymous_18)
FN:14,CreateAppointmentService
FN:21,(anonymous_20)
FNF:3
FNH:0
FNDA:0,(anonymous_18)
FNDA:0,CreateAppointmentService
FNDA:0,(anonymous_20)
DA:1,0
DA:2,0
DA:3,0
DA:13,0
DA:16,0
DA:21,0
DA:22,0
DA:24,0
DA:28,0
DA:29,0
DA:32,0
DA:37,0
DA:39,0
DA:41,0
LF:14
LH:0
BRDA:28,0,0,0
BRDA:28,0,1,0
BRF:2
BRH:0
end_of_record
TN:
SF:src/modules/users/services/AuthenticateUserService.ts
FN:21,(anonymous_18)
FN:22,AuthenticateUserService
FN:32,(anonymous_20)
FNF:3
FNH:0
FNDA:0,(anonymous_18)
FNDA:0,AuthenticateUserService
FNDA:0,(anonymous_20)
DA:1,0
DA:2,0
DA:5,0
DA:6,0
DA:21,0
DA:24,0
DA:27,0
DA:32,0
DA:33,0
DA:35,0
DA:36,0
DA:39,0
DA:44,0
DA:45,0
DA:47,0
DA:48,0
DA:53,0
DA:58,0
DA:60,0
LF:19
LH:0
BRDA:33,0,0,0
BRDA:35,1,0,0
BRDA:35,1,1,0
BRDA:44,2,0,0
BRDA:44,2,1,0
BRF:5
BRH:0
end_of_record
TN:
SF:src/modules/users/services/CreateUserService.ts
FN:15,(anonymous_18)
FN:16,CreateUserService
FN:25,(anonymous_20)
FNF:3
FNH:0
FNDA:0,(anonymous_18)
FNDA:0,CreateUserService
FNDA:0,(anonymous_20)
DA:1,0
DA:3,0
DA:15,0
DA:18,0
DA:20,0
DA:25,0
DA:26,0
DA:28,0
DA:29,0
DA:32,0
DA:34,0
DA:40,0
DA:42,0
DA:44,0
LF:14
LH:0
BRDA:26,0,0,0
BRDA:28,1,0,0
BRDA:28,1,1,0
BRF:3
BRH:0
end_of_record
TN:
SF:src/modules/users/services/SendForgotPasswordEmailService.ts
FN:13,(anonymous_18)
FN:14,SendForgotPasswordEmailService
FN:27,(anonymous_20)
FNF:3
FNH:3
FNDA:1,(anonymous_18)
FNDA:3,SendForgotPasswordEmailService
FNDA:3,(anonymous_20)
DA:1,1
DA:3,1
DA:13,1
DA:16,3
DA:19,3
DA:22,3
DA:27,3
DA:28,3
DA:30,3
DA:31,1
DA:34,4
DA:36,2
DA:41,1
DA:43,1
LF:14
LH:14
BRDA:28,0,0,3
BRDA:30,1,0,1
BRDA:30,1,1,2
BRF:3
BRH:3
end_of_record
TN:
SF:src/modules/users/services/UpdateUserAvatarService.ts
FN:18,(anonymous_18)
FN:19,UpdateUserAvatarService
FN:29,(anonymous_20)
FNF:3
FNH:0
FNDA:0,(anonymous_18)
FNDA:0,UpdateUserAvatarService
FNDA:0,(anonymous_20)
DA:1,0
DA:7,0
DA:18,0
DA:21,0
DA:24,0
DA:29,0
DA:30,0
DA:32,0
DA:33,0
DA:36,0
DA:37,0
DA:40,0
DA:42,0
DA:44,0
DA:46,0
DA:48,0
DA:50,0
LF:17
LH:0
BRDA:30,0,0,0
BRDA:30,0,1,0
BRDA:32,1,0,0
BRDA:32,1,1,0
BRDA:36,2,0,0
BRDA:36,2,1,0
BRF:6
BRH:0
end_of_record
