TN:
SF:/mnt/c/Users/jhooo/Desktop/KEEPWALKING/Rocketseat/GoStack/Projetos/gobarber/mobile/src/components/Button/index.tsx
FN:10,(anonymous_0)
FNF:1
FNH:1
FNDA:1,(anonymous_0)
DA:10,1
DA:11,1
LF:2
LH:2
BRF:0
BRH:0
end_of_record
TN:
SF:/mnt/c/Users/jhooo/Desktop/KEEPWALKING/Rocketseat/GoStack/Projetos/gobarber/mobile/src/components/Input/index.tsx
FN:27,(anonymous_0)
FN:38,(anonymous_1)
FN:44,(anonymous_2)
FN:48,(anonymous_3)
FN:49,(anonymous_4)
FN:54,(anonymous_5)
FN:60,(anonymous_6)
FN:64,(anonymous_7)
FN:86,(anonymous_8)
FNF:9
FNH:3
FNDA:2,(anonymous_0)
FNDA:0,(anonymous_1)
FNDA:0,(anonymous_2)
FNDA:1,(anonymous_3)
FNDA:0,(anonymous_4)
FNDA:2,(anonymous_5)
FNDA:0,(anonymous_6)
FNDA:0,(anonymous_7)
FNDA:0,(anonymous_8)
DA:27,1
DA:31,2
DA:32,2
DA:33,2
DA:35,2
DA:36,2
DA:38,2
DA:39,0
DA:41,0
DA:44,2
DA:45,0
DA:48,2
DA:50,0
DA:54,2
DA:55,2
DA:61,0
DA:62,0
DA:65,0
DA:66,0
DA:71,2
DA:87,0
LF:21
LH:12
BRDA:28,0,0,2
BRDA:32,1,0,2
BRDA:76,2,0,0
BRDA:76,2,1,2
BRDA:76,3,0,2
BRDA:76,3,1,2
BRF:6
BRH:5
end_of_record
TN:
SF:/mnt/c/Users/jhooo/Desktop/KEEPWALKING/Rocketseat/GoStack/Projetos/gobarber/mobile/src/hooks/auth.tsx
FN:38,(anonymous_0)
FN:42,(anonymous_1)
FN:43,LoadStorageData
FN:59,(anonymous_3)
FN:76,(anonymous_4)
FN:83,(anonymous_5)
FN:103,useAuth
FNF:7
FNH:1
FNDA:0,(anonymous_0)
FNDA:0,(anonymous_1)
FNDA:0,LoadStorageData
FNDA:0,(anonymous_3)
FNDA:0,(anonymous_4)
FNDA:0,(anonymous_5)
FNDA:1,useAuth
DA:36,1
DA:38,1
DA:39,0
DA:40,0
DA:42,0
DA:44,0
DA:48,0
DA:49,0
DA:51,0
DA:53,0
DA:56,0
DA:59,0
DA:60,0
DA:64,0
DA:66,0
DA:71,0
DA:73,0
DA:76,0
DA:77,0
DA:79,0
DA:82,0
DA:84,0
DA:86,0
DA:94,0
DA:104,1
DA:106,1
DA:107,0
DA:110,1
LF:28
LH:5
BRDA:48,0,0,0
BRDA:48,0,1,0
BRDA:48,1,0,0
BRDA:48,1,1,0
BRDA:106,2,0,0
BRDA:106,2,1,1
BRF:6
BRH:1
end_of_record
TN:
SF:/mnt/c/Users/jhooo/Desktop/KEEPWALKING/Rocketseat/GoStack/Projetos/gobarber/mobile/src/pages/AppointmentCreated/index.tsx
FN:19,(anonymous_0)
FN:25,(anonymous_1)
FN:36,(anonymous_2)
FNF:3
FNH:0
FNDA:0,(anonymous_0)
FNDA:0,(anonymous_1)
FNDA:0,(anonymous_2)
DA:19,0
DA:20,0
DA:21,0
DA:23,0
DA:25,0
DA:26,0
DA:36,0
DA:37,0
DA:44,0
LF:9
LH:0
BRF:0
BRH:0
end_of_record
TN:
SF:/mnt/c/Users/jhooo/Desktop/KEEPWALKING/Rocketseat/GoStack/Projetos/gobarber/mobile/src/pages/CreateAppointment/index.tsx
FN:48,(anonymous_0)
FN:64,(anonymous_1)
FN:65,(anonymous_2)
FN:70,(anonymous_3)
FN:79,(anonymous_4)
FN:84,(anonymous_5)
FN:88,(anonymous_6)
FN:92,(anonymous_7)
FN:93,(anonymous_8)
FN:97,(anonymous_9)
FN:109,(anonymous_10)
FN:111,(anonymous_11)
FN:112,(anonymous_12)
FN:121,(anonymous_13)
FN:123,(anonymous_14)
FN:124,(anonymous_15)
FN:133,(anonymous_16)
FN:137,(anonymous_17)
FN:175,(anonymous_18)
FN:176,(anonymous_19)
FN:178,(anonymous_20)
FN:215,(anonymous_21)
FN:221,(anonymous_22)
FN:236,(anonymous_23)
FN:242,(anonymous_24)
FNF:25
FNH:0
FNDA:0,(anonymous_0)
FNDA:0,(anonymous_1)
FNDA:0,(anonymous_2)
FNDA:0,(anonymous_3)
FNDA:0,(anonymous_4)
FNDA:0,(anonymous_5)
FNDA:0,(anonymous_6)
FNDA:0,(anonymous_7)
FNDA:0,(anonymous_8)
FNDA:0,(anonymous_9)
FNDA:0,(anonymous_10)
FNDA:0,(anonymous_11)
FNDA:0,(anonymous_12)
FNDA:0,(anonymous_13)
FNDA:0,(anonymous_14)
FNDA:0,(anonymous_15)
FNDA:0,(anonymous_16)
FNDA:0,(anonymous_17)
FNDA:0,(anonymous_18)
FNDA:0,(anonymous_19)
FNDA:0,(anonymous_20)
FNDA:0,(anonymous_21)
FNDA:0,(anonymous_22)
FNDA:0,(anonymous_23)
FNDA:0,(anonymous_24)
DA:48,0
DA:49,0
DA:50,0
DA:51,0
DA:53,0
DA:55,0
DA:56,0
DA:57,0
DA:58,0
DA:59,0
DA:60,0
DA:64,0
DA:65,0
DA:66,0
DA:70,0
DA:71,0
DA:80,0
DA:84,0
DA:85,0
DA:88,0
DA:89,0
DA:92,0
DA:93,0
DA:96,0
DA:98,0
DA:99,0
DA:102,0
DA:103,0
DA:109,0
DA:110,0
DA:111,0
DA:113,0
DA:121,0
DA:122,0
DA:123,0
DA:125,0
DA:133,0
DA:134,0
DA:137,0
DA:138,0
DA:139,0
DA:141,0
DA:142,0
DA:144,0
DA:149,0
DA:151,0
DA:158,0
DA:175,0
DA:177,0
DA:178,0
DA:216,0
DA:221,0
DA:237,0
DA:242,0
LF:54
LH:0
BRDA:98,0,0,0
BRDA:98,0,1,0
BRDA:102,1,0,0
BRDA:102,1,1,0
BRDA:197,2,0,0
BRDA:197,2,1,0
BRF:6
BRH:0
end_of_record
TN:
SF:/mnt/c/Users/jhooo/Desktop/KEEPWALKING/Rocketseat/GoStack/Projetos/gobarber/mobile/src/pages/Dashboard/index.tsx
FN:31,(anonymous_0)
FN:37,(anonymous_1)
FN:38,(anonymous_2)
FN:43,(anonymous_3)
FN:48,(anonymous_4)
FN:69,(anonymous_5)
FN:71,(anonymous_6)
FN:73,(anonymous_7)
FNF:8
FNH:0
FNDA:0,(anonymous_0)
FNDA:0,(anonymous_1)
FNDA:0,(anonymous_2)
FNDA:0,(anonymous_3)
FNDA:0,(anonymous_4)
FNDA:0,(anonymous_5)
FNDA:0,(anonymous_6)
FNDA:0,(anonymous_7)
DA:31,0
DA:32,0
DA:34,0
DA:35,0
DA:37,0
DA:38,0
DA:39,0
DA:43,0
DA:44,0
DA:47,0
DA:49,0
DA:54,0
DA:69,0
DA:72,0
DA:73,0
LF:15
LH:0
BRF:0
BRH:0
end_of_record
TN:
SF:/mnt/c/Users/jhooo/Desktop/KEEPWALKING/Rocketseat/GoStack/Projetos/gobarber/mobile/src/pages/Profile/index.tsx
FN:38,(anonymous_0)
FN:51,(anonymous_1)
FN:62,(anonymous_2)
FN:68,(anonymous_3)
FN:124,(anonymous_4)
FN:132,(anonymous_5)
FN:150,(anonymous_6)
FN:157,(anonymous_7)
FN:196,(anonymous_8)
FN:209,(anonymous_9)
FN:222,(anonymous_10)
FN:233,(anonymous_11)
FN:244,(anonymous_12)
FN:247,(anonymous_13)
FNF:14
FNH:0
FNDA:0,(anonymous_0)
FNDA:0,(anonymous_1)
FNDA:0,(anonymous_2)
FNDA:0,(anonymous_3)
FNDA:0,(anonymous_4)
FNDA:0,(anonymous_5)
FNDA:0,(anonymous_6)
FNDA:0,(anonymous_7)
FNDA:0,(anonymous_8)
FNDA:0,(anonymous_9)
FNDA:0,(anonymous_10)
FNDA:0,(anonymous_11)
FNDA:0,(anonymous_12)
FNDA:0,(anonymous_13)
DA:38,0
DA:39,0
DA:41,0
DA:42,0
DA:44,0
DA:45,0
DA:46,0
DA:47,0
DA:50,0
DA:52,0
DA:53,0
DA:55,0
DA:62,0
DA:68,0
DA:75,0
DA:85,0
DA:87,0
DA:99,0
DA:101,0
DA:103,0
DA:105,0
DA:107,0
DA:108,0
DA:109,0
DA:110,0
DA:112,0
DA:115,0
DA:124,0
DA:125,0
DA:133,0
DA:134,0
DA:137,0
DA:138,0
DA:139,0
DA:142,0
DA:144,0
DA:150,0
DA:151,0
DA:157,0
DA:158,0
DA:161,0
DA:197,0
DA:210,0
DA:222,0
DA:233,0
DA:244,0
DA:247,0
LF:47
LH:0
BRDA:90,0,0,0
BRDA:90,0,1,0
BRDA:107,1,0,0
BRDA:107,1,1,0
BRDA:133,2,0,0
BRDA:133,2,1,0
BRDA:137,3,0,0
BRDA:137,3,1,0
BRDA:165,4,0,0
BRDA:165,4,1,0
BRF:10
BRH:0
end_of_record
TN:
SF:/mnt/c/Users/jhooo/Desktop/KEEPWALKING/Rocketseat/GoStack/Projetos/gobarber/mobile/src/pages/SignIn/index.tsx
FN:36,(anonymous_0)
FN:44,(anonymous_1)
FN:45,(anonymous_2)
FN:48,(anonymous_3)
FN:54,(anonymous_4)
FN:118,(anonymous_5)
FN:129,(anonymous_6)
FN:135,(anonymous_7)
FN:144,(anonymous_8)
FN:155,(anonymous_9)
FNF:10
FNH:2
FNDA:1,(anonymous_0)
FNDA:1,(anonymous_1)
FNDA:0,(anonymous_2)
FNDA:0,(anonymous_3)
FNDA:0,(anonymous_4)
FNDA:0,(anonymous_5)
FNDA:0,(anonymous_6)
FNDA:0,(anonymous_7)
FNDA:0,(anonymous_8)
FNDA:0,(anonymous_9)
DA:36,1
DA:37,1
DA:38,1
DA:39,1
DA:40,1
DA:42,1
DA:44,1
DA:45,1
DA:46,0
DA:48,1
DA:49,0
DA:53,1
DA:55,0
DA:56,0
DA:58,0
DA:65,0
DA:69,0
DA:74,0
DA:75,0
DA:77,0
DA:79,0
DA:81,0
DA:84,0
DA:92,1
DA:119,0
DA:130,0
DA:136,0
DA:145,0
DA:156,0
LF:29
LH:11
BRDA:74,0,0,0
BRDA:74,0,1,0
BRDA:96,1,0,1
BRDA:96,1,1,0
BRDA:153,2,0,1
BRDA:153,2,1,1
BRF:6
BRH:3
end_of_record
TN:
SF:/mnt/c/Users/jhooo/Desktop/KEEPWALKING/Rocketseat/GoStack/Projetos/gobarber/mobile/src/pages/SignUp/index.tsx
FN:30,(anonymous_0)
FN:38,(anonymous_1)
FN:39,(anonymous_2)
FN:42,(anonymous_3)
FN:48,(anonymous_4)
FN:115,(anonymous_5)
FN:128,(anonymous_6)
FN:140,(anonymous_7)
FN:143,(anonymous_8)
FN:152,(anonymous_9)
FNF:10
FNH:0
FNDA:0,(anonymous_0)
FNDA:0,(anonymous_1)
FNDA:0,(anonymous_2)
FNDA:0,(anonymous_3)
FNDA:0,(anonymous_4)
FNDA:0,(anonymous_5)
FNDA:0,(anonymous_6)
FNDA:0,(anonymous_7)
FNDA:0,(anonymous_8)
FNDA:0,(anonymous_9)
DA:30,0
DA:31,0
DA:32,0
DA:33,0
DA:35,0
DA:36,0
DA:38,0
DA:39,0
DA:40,0
DA:42,0
DA:43,0
DA:47,0
DA:49,0
DA:50,0
DA:52,0
DA:60,0
DA:64,0
DA:66,0
DA:71,0
DA:73,0
DA:74,0
DA:75,0
DA:76,0
DA:78,0
DA:81,0
DA:90,0
DA:116,0
DA:129,0
DA:140,0
DA:143,0
DA:153,0
LF:31
LH:0
BRDA:73,0,0,0
BRDA:73,0,1,0
BRDA:94,1,0,0
BRDA:94,1,1,0
BRDA:150,2,0,0
BRDA:150,2,1,0
BRF:6
BRH:0
end_of_record
